<?xml version="1.0" encoding="UTF-8"?>
<!-- Generated by org.testng.reporters.JUnitXMLReporter -->
<testsuite ignored="3" hostname="DESKTOP-DKAF2J0" failures="0" tests="3" name="Test" time="0.046" errors="0" timestamp="2023-10-31T22:11:25 ICT">
  <testcase classname="demoTestNg.TestDemo" name="tong" time="0.006"/>
  <testcase classname="demoTestNg.TestDemo" name="tong" time="0.001"/>
  <testcase classname="demoTestNg.TestDemo" name="tong" time="0.001"/>
  <testcase classname="demoTestNg.TestDemo" name="Max" time="0.0">
    <ignored/>
  </testcase> <!-- Max -->
  <testcase classname="demoTestNg.TestDemo" name="test2" time="0.0">
    <ignored/>
  </testcase> <!-- test2 -->
  <testcase classname="demoTestNg.TestDemo" name="test3" time="0.0">
    <ignored/>
  </testcase> <!-- test3 -->
</testsuite> <!-- Test -->
