<?xml version="1.0" encoding="UTF-8"?>
<!-- Generated by org.testng.reporters.JUnitXMLReporter -->
<testsuite ignored="0" hostname="DESKTOP-DKAF2J0" failures="0" tests="8" name="Default test" time="68.577" errors="0" timestamp="2023-11-07T23:46:20 ICT">
  <testcase classname="webDriver.LMS_LOGIN" name="testLoginLMS2" time="0.606"/>
  <testcase classname="webDriver.LMS_LOGIN" name="testLoginLMS1" time="1.596"/>
  <testcase classname="webDriver.LMS_LOGIN" name="testLoginLMS3" time="0.86"/>
  <testcase classname="webDriver.LMS_LOGIN" name="testLoginLMS4" time="0.573"/>
  <testcase classname="webDriver.LMS_LOGIN" name="testLoginLMS5" time="0.811"/>
  <testcase classname="webDriver.LMS_LOGIN" name="testLoginLMS8" time="0.616"/>
  <testcase classname="webDriver.LMS_LOGIN" name="testLoginLMS6" time="0.789"/>
  <testcase classname="webDriver.LMS_LOGIN" name="testLoginLMS7" time="0.532"/>
</testsuite> <!-- Default test -->
